[2026-05-09T14:52:32.305+0000] {manager.py:470} INFO - Processing files using up to 2 processes at a time 
[2026-05-09T14:52:32.307+0000] {manager.py:471} INFO - Process each file at most once every 30 seconds
[2026-05-09T14:52:32.310+0000] {manager.py:472} INFO - Checking for new files in /opt/airflow/dags every 300 seconds
[2026-05-09T14:52:32.312+0000] {manager.py:737} INFO - Searching for files in /opt/airflow/dags
[2026-05-09T14:52:32.319+0000] {manager.py:740} INFO - There are 0 files in /opt/airflow/dags
[2026-05-09T14:57:33.015+0000] {manager.py:737} INFO - Searching for files in /opt/airflow/dags
[2026-05-09T14:57:33.023+0000] {manager.py:740} INFO - There are 0 files in /opt/airflow/dags
[2026-05-09T15:02:33.945+0000] {manager.py:737} INFO - Searching for files in /opt/airflow/dags
[2026-05-09T15:02:33.952+0000] {manager.py:740} INFO - There are 0 files in /opt/airflow/dags
[2026-05-09T15:07:34.353+0000] {manager.py:737} INFO - Searching for files in /opt/airflow/dags
[2026-05-09T15:07:33.522+0000] {manager.py:740} INFO - There are 0 files in /opt/airflow/dags
[2026-05-09T15:12:34.899+0000] {manager.py:737} INFO - Searching for files in /opt/airflow/dags
[2026-05-09T15:12:34.910+0000] {manager.py:740} INFO - There are 0 files in /opt/airflow/dags
[2026-05-09T15:17:35.230+0000] {manager.py:737} INFO - Searching for files in /opt/airflow/dags
[2026-05-09T15:17:35.245+0000] {manager.py:740} INFO - There are 0 files in /opt/airflow/dags
[2026-05-09T15:22:35.597+0000] {manager.py:737} INFO - Searching for files in /opt/airflow/dags
[2026-05-09T15:22:35.608+0000] {manager.py:740} INFO - There are 0 files in /opt/airflow/dags
[2026-05-09T15:24:47.023+0000] {manager.py:470} INFO - Processing files using up to 2 processes at a time 
[2026-05-09T15:24:47.027+0000] {manager.py:471} INFO - Process each file at most once every 30 seconds
[2026-05-09T15:24:47.028+0000] {manager.py:472} INFO - Checking for new files in /opt/airflow/dags every 300 seconds
[2026-05-09T15:24:47.030+0000] {manager.py:737} INFO - Searching for files in /opt/airflow/dags
[2026-05-09T15:24:47.037+0000] {manager.py:740} INFO - There are 0 files in /opt/airflow/dags
[2026-05-09T15:29:47.449+0000] {manager.py:737} INFO - Searching for files in /opt/airflow/dags
[2026-05-09T15:29:47.455+0000] {manager.py:740} INFO - There are 0 files in /opt/airflow/dags
[2026-05-09T15:33:19.406+0000] {manager.py:452} INFO - Exiting gracefully upon receiving signal 15
[2026-05-09T15:34:27.750+0000] {manager.py:470} INFO - Processing files using up to 2 processes at a time 
[2026-05-09T15:34:27.752+0000] {manager.py:471} INFO - Process each file at most once every 30 seconds
[2026-05-09T15:34:27.754+0000] {manager.py:472} INFO - Checking for new files in /opt/airflow/dags every 300 seconds
[2026-05-09T15:34:27.755+0000] {manager.py:737} INFO - Searching for files in /opt/airflow/dags
[2026-05-09T15:34:27.761+0000] {manager.py:740} INFO - There are 0 files in /opt/airflow/dags
[2026-05-09T15:39:28.167+0000] {manager.py:737} INFO - Searching for files in /opt/airflow/dags
[2026-05-09T15:39:28.177+0000] {manager.py:740} INFO - There are 0 files in /opt/airflow/dags
[2026-05-09T15:44:28.715+0000] {manager.py:737} INFO - Searching for files in /opt/airflow/dags
[2026-05-09T15:44:28.722+0000] {manager.py:740} INFO - There are 0 files in /opt/airflow/dags
[2026-05-09T15:49:28.818+0000] {manager.py:737} INFO - Searching for files in /opt/airflow/dags
[2026-05-09T15:49:28.828+0000] {manager.py:740} INFO - There are 0 files in /opt/airflow/dags
[2026-05-09T15:54:28.868+0000] {manager.py:737} INFO - Searching for files in /opt/airflow/dags
[2026-05-09T15:54:28.881+0000] {manager.py:740} INFO - There are 0 files in /opt/airflow/dags
[2026-05-09T15:59:29.722+0000] {manager.py:737} INFO - Searching for files in /opt/airflow/dags
[2026-05-09T15:59:29.731+0000] {manager.py:740} INFO - There are 0 files in /opt/airflow/dags
[2026-05-09T16:04:30.457+0000] {manager.py:737} INFO - Searching for files in /opt/airflow/dags
[2026-05-09T16:04:30.471+0000] {manager.py:740} INFO - There are 0 files in /opt/airflow/dags
[2026-05-09T16:09:31.005+0000] {manager.py:737} INFO - Searching for files in /opt/airflow/dags
[2026-05-09T16:09:31.020+0000] {manager.py:740} INFO - There are 0 files in /opt/airflow/dags
[2026-05-09T16:14:31.591+0000] {manager.py:737} INFO - Searching for files in /opt/airflow/dags
[2026-05-09T16:14:31.601+0000] {manager.py:740} INFO - There are 0 files in /opt/airflow/dags
[2026-05-09T16:19:32.051+0000] {manager.py:737} INFO - Searching for files in /opt/airflow/dags
[2026-05-09T16:19:32.068+0000] {manager.py:740} INFO - There are 0 files in /opt/airflow/dags
[2026-05-09T16:24:33.005+0000] {manager.py:737} INFO - Searching for files in /opt/airflow/dags
[2026-05-09T16:24:33.016+0000] {manager.py:740} INFO - There are 0 files in /opt/airflow/dags
[2026-05-09T16:29:33.047+0000] {manager.py:737} INFO - Searching for files in /opt/airflow/dags
[2026-05-09T16:29:33.053+0000] {manager.py:740} INFO - There are 0 files in /opt/airflow/dags
[2026-05-09T16:34:33.246+0000] {manager.py:737} INFO - Searching for files in /opt/airflow/dags
[2026-05-09T16:34:33.257+0000] {manager.py:740} INFO - There are 0 files in /opt/airflow/dags
[2026-05-09T16:39:33.896+0000] {manager.py:737} INFO - Searching for files in /opt/airflow/dags
[2026-05-09T16:39:33.915+0000] {manager.py:740} INFO - There are 0 files in /opt/airflow/dags
[2026-05-09T16:44:34.774+0000] {manager.py:737} INFO - Searching for files in /opt/airflow/dags
[2026-05-09T16:44:34.783+0000] {manager.py:740} INFO - There are 0 files in /opt/airflow/dags
[2026-05-09T16:49:34.787+0000] {manager.py:737} INFO - Searching for files in /opt/airflow/dags
[2026-05-09T16:49:34.800+0000] {manager.py:740} INFO - There are 0 files in /opt/airflow/dags
[2026-05-09T16:54:35.497+0000] {manager.py:737} INFO - Searching for files in /opt/airflow/dags
[2026-05-09T16:54:35.503+0000] {manager.py:740} INFO - There are 0 files in /opt/airflow/dags
[2026-05-09T16:59:36.440+0000] {manager.py:737} INFO - Searching for files in /opt/airflow/dags
[2026-05-09T16:59:36.445+0000] {manager.py:740} INFO - There are 0 files in /opt/airflow/dags
[2026-05-09T17:04:36.520+0000] {manager.py:737} INFO - Searching for files in /opt/airflow/dags
[2026-05-09T17:04:36.527+0000] {manager.py:740} INFO - There are 0 files in /opt/airflow/dags
[2026-05-09T17:09:36.521+0000] {manager.py:737} INFO - Searching for files in /opt/airflow/dags
[2026-05-09T17:09:36.533+0000] {manager.py:740} INFO - There are 0 files in /opt/airflow/dags
[2026-05-09T17:14:36.661+0000] {manager.py:737} INFO - Searching for files in /opt/airflow/dags
[2026-05-09T17:14:36.670+0000] {manager.py:740} INFO - There are 0 files in /opt/airflow/dags
[2026-05-09T17:19:37.223+0000] {manager.py:737} INFO - Searching for files in /opt/airflow/dags
[2026-05-09T17:19:37.234+0000] {manager.py:740} INFO - There are 0 files in /opt/airflow/dags
[2026-05-09T17:24:37.861+0000] {manager.py:737} INFO - Searching for files in /opt/airflow/dags
[2026-05-09T17:24:37.869+0000] {manager.py:740} INFO - There are 0 files in /opt/airflow/dags
[2026-05-09T17:29:38.450+0000] {manager.py:737} INFO - Searching for files in /opt/airflow/dags
[2026-05-09T17:29:38.463+0000] {manager.py:740} INFO - There are 0 files in /opt/airflow/dags
[2026-05-09T17:34:39.063+0000] {manager.py:737} INFO - Searching for files in /opt/airflow/dags
[2026-05-09T17:34:39.072+0000] {manager.py:740} INFO - There are 0 files in /opt/airflow/dags
[2026-05-09T17:39:39.671+0000] {manager.py:737} INFO - Searching for files in /opt/airflow/dags
[2026-05-09T17:39:39.676+0000] {manager.py:740} INFO - There are 0 files in /opt/airflow/dags
[2026-05-09T17:44:40.249+0000] {manager.py:737} INFO - Searching for files in /opt/airflow/dags
[2026-05-09T17:44:40.261+0000] {manager.py:740} INFO - There are 0 files in /opt/airflow/dags
[2026-05-09T17:49:40.812+0000] {manager.py:737} INFO - Searching for files in /opt/airflow/dags
[2026-05-09T17:49:40.820+0000] {manager.py:740} INFO - There are 0 files in /opt/airflow/dags
[2026-05-09T17:54:41.408+0000] {manager.py:737} INFO - Searching for files in /opt/airflow/dags
[2026-05-09T17:54:41.421+0000] {manager.py:740} INFO - There are 0 files in /opt/airflow/dags
[2026-05-09T17:59:41.991+0000] {manager.py:737} INFO - Searching for files in /opt/airflow/dags
[2026-05-09T17:59:42.001+0000] {manager.py:740} INFO - There are 0 files in /opt/airflow/dags
[2026-05-09T18:04:42.588+0000] {manager.py:737} INFO - Searching for files in /opt/airflow/dags
[2026-05-09T18:04:42.600+0000] {manager.py:740} INFO - There are 0 files in /opt/airflow/dags
[2026-05-09T18:09:43.171+0000] {manager.py:737} INFO - Searching for files in /opt/airflow/dags
[2026-05-09T18:09:43.178+0000] {manager.py:740} INFO - There are 0 files in /opt/airflow/dags
[2026-05-09T18:14:43.774+0000] {manager.py:737} INFO - Searching for files in /opt/airflow/dags
[2026-05-09T18:14:43.783+0000] {manager.py:740} INFO - There are 0 files in /opt/airflow/dags
[2026-05-09T18:19:44.351+0000] {manager.py:737} INFO - Searching for files in /opt/airflow/dags
[2026-05-09T18:19:44.364+0000] {manager.py:740} INFO - There are 0 files in /opt/airflow/dags
[2026-05-09T18:24:44.945+0000] {manager.py:737} INFO - Searching for files in /opt/airflow/dags
[2026-05-09T18:24:44.959+0000] {manager.py:740} INFO - There are 0 files in /opt/airflow/dags
[2026-05-09T18:29:45.511+0000] {manager.py:737} INFO - Searching for files in /opt/airflow/dags
[2026-05-09T18:29:45.519+0000] {manager.py:740} INFO - There are 0 files in /opt/airflow/dags
[2026-05-09T18:34:46.111+0000] {manager.py:737} INFO - Searching for files in /opt/airflow/dags
[2026-05-09T18:34:46.121+0000] {manager.py:740} INFO - There are 0 files in /opt/airflow/dags
[2026-05-09T18:39:46.732+0000] {manager.py:737} INFO - Searching for files in /opt/airflow/dags
[2026-05-09T18:39:46.741+0000] {manager.py:740} INFO - There are 0 files in /opt/airflow/dags
[2026-05-09T18:44:47.320+0000] {manager.py:737} INFO - Searching for files in /opt/airflow/dags
[2026-05-09T18:44:47.328+0000] {manager.py:740} INFO - There are 0 files in /opt/airflow/dags
[2026-05-09T18:49:47.841+0000] {manager.py:737} INFO - Searching for files in /opt/airflow/dags
[2026-05-09T18:49:47.850+0000] {manager.py:740} INFO - There are 0 files in /opt/airflow/dags
[2026-05-09T18:54:48.439+0000] {manager.py:737} INFO - Searching for files in /opt/airflow/dags
[2026-05-09T18:54:48.444+0000] {manager.py:740} INFO - There are 0 files in /opt/airflow/dags
[2026-05-09T18:59:49.040+0000] {manager.py:737} INFO - Searching for files in /opt/airflow/dags
[2026-05-09T18:59:49.049+0000] {manager.py:740} INFO - There are 0 files in /opt/airflow/dags
[2026-05-09T19:04:49.671+0000] {manager.py:737} INFO - Searching for files in /opt/airflow/dags
[2026-05-09T19:04:49.680+0000] {manager.py:740} INFO - There are 0 files in /opt/airflow/dags
[2026-05-09T19:09:50.230+0000] {manager.py:737} INFO - Searching for files in /opt/airflow/dags
[2026-05-09T19:09:50.235+0000] {manager.py:740} INFO - There are 0 files in /opt/airflow/dags
[2026-05-09T19:14:50.818+0000] {manager.py:737} INFO - Searching for files in /opt/airflow/dags
[2026-05-09T19:14:50.825+0000] {manager.py:740} INFO - There are 0 files in /opt/airflow/dags
[2026-05-09T19:19:51.384+0000] {manager.py:737} INFO - Searching for files in /opt/airflow/dags
[2026-05-09T19:19:51.389+0000] {manager.py:740} INFO - There are 0 files in /opt/airflow/dags
[2026-05-09T19:24:51.959+0000] {manager.py:737} INFO - Searching for files in /opt/airflow/dags
[2026-05-09T19:24:51.966+0000] {manager.py:740} INFO - There are 0 files in /opt/airflow/dags
[2026-05-09T19:29:52.559+0000] {manager.py:737} INFO - Searching for files in /opt/airflow/dags
[2026-05-09T19:29:52.569+0000] {manager.py:740} INFO - There are 0 files in /opt/airflow/dags
[2026-05-09T19:34:53.159+0000] {manager.py:737} INFO - Searching for files in /opt/airflow/dags
[2026-05-09T19:34:53.167+0000] {manager.py:740} INFO - There are 0 files in /opt/airflow/dags
[2026-05-09T19:39:53.735+0000] {manager.py:737} INFO - Searching for files in /opt/airflow/dags
[2026-05-09T19:39:53.742+0000] {manager.py:740} INFO - There are 0 files in /opt/airflow/dags
[2026-05-09T19:44:54.378+0000] {manager.py:737} INFO - Searching for files in /opt/airflow/dags
[2026-05-09T19:44:54.386+0000] {manager.py:740} INFO - There are 0 files in /opt/airflow/dags
[2026-05-09T19:49:54.986+0000] {manager.py:737} INFO - Searching for files in /opt/airflow/dags
[2026-05-09T19:49:54.994+0000] {manager.py:740} INFO - There are 0 files in /opt/airflow/dags
[2026-05-09T19:54:55.524+0000] {manager.py:737} INFO - Searching for files in /opt/airflow/dags
[2026-05-09T19:54:55.532+0000] {manager.py:740} INFO - There are 0 files in /opt/airflow/dags
[2026-05-09T19:59:56.460+0000] {manager.py:737} INFO - Searching for files in /opt/airflow/dags
[2026-05-09T19:59:56.473+0000] {manager.py:740} INFO - There are 0 files in /opt/airflow/dags
[2026-05-09T20:04:56.505+0000] {manager.py:737} INFO - Searching for files in /opt/airflow/dags
[2026-05-09T20:04:56.511+0000] {manager.py:740} INFO - There are 0 files in /opt/airflow/dags
[2026-05-09T20:09:57.391+0000] {manager.py:737} INFO - Searching for files in /opt/airflow/dags
[2026-05-09T20:09:57.404+0000] {manager.py:740} INFO - There are 0 files in /opt/airflow/dags
[2026-05-09T20:14:57.679+0000] {manager.py:737} INFO - Searching for files in /opt/airflow/dags
[2026-05-09T20:14:57.688+0000] {manager.py:740} INFO - There are 0 files in /opt/airflow/dags
